Using pre-set license
Built from '2020.3/staging' branch; Version is '2020.3.0f1 (c7b5465681fb) revision 13088070'; Using compiler version '192528614'; Build Type 'Release'
OS: 'Windows 10 Home; OS build 19042.1165; Version 2009; 64bit' Language: 'en' Physical Memory: 15808 MB
BatchMode: 1, IsHumanControllingUs: 0, StartBugReporterOnCrash: 0, Is64bit: 1, IsPro: 0

 COMMAND LINE ARGUMENTS:
D:\Unity\2020.3.0f1\Editor\Unity.exe
-adb2
-batchMode
-noUpm
-name
AssetImportWorker0
-projectPath
D:/Unity/Projects/The-Girl-Who-Leapt-Through-Space/The-Girl-Who-Leapt-Through-Space
-logFile
Logs/AssetImportWorker0.log
-srvPort
49974
Successfully changed project path to: D:/Unity/Projects/The-Girl-Who-Leapt-Through-Space/The-Girl-Who-Leapt-Through-Space
D:/Unity/Projects/The-Girl-Who-Leapt-Through-Space/The-Girl-Who-Leapt-Through-Space
Using Asset Import Pipeline V2.
Refreshing native plugins compatible for Editor in 40.43 ms, found 0 plugins.
Preloading 0 native plugins for Editor in 0.00 ms.
Initialize engine version: 2020.3.0f1 (c7b5465681fb)
[Subsystems] Discovering subsystems at path D:/Unity/2020.3.0f1/Editor/Data/Resources/UnitySubsystems
[Subsystems] Discovering subsystems at path D:/Unity/Projects/The-Girl-Who-Leapt-Through-Space/The-Girl-Who-Leapt-Through-Space/Assets
GfxDevice: creating device client; threaded=0
Direct3D:
    Version:  Direct3D 11.0 [level 11.1]
    Renderer: NVIDIA GeForce GTX 1650 (ID=0x1f91)
    Vendor:   
    VRAM:     3962 MB
    Driver:   30.0.14.7168
Initialize mono
Mono path[0] = 'D:/Unity/2020.3.0f1/Editor/Data/Managed'
Mono path[1] = 'D:/Unity/2020.3.0f1/Editor/Data/MonoBleedingEdge/lib/mono/unityjit'
Mono config path = 'D:/Unity/2020.3.0f1/Editor/Data/MonoBleedingEdge/etc'
Using monoOptions --debugger-agent=transport=dt_socket,embedding=1,server=y,suspend=n,address=127.0.0.1:56092
Begin MonoManager ReloadAssembly
Registering precompiled unity dll's ...
Register platform support module: D:/Unity/2020.3.0f1/Editor/Data/PlaybackEngines/WindowsStandaloneSupport/UnityEditor.WindowsStandalone.Extensions.dll
Registered in 0.001446 seconds.
Native extension for WindowsStandalone target not found
Refreshing native plugins compatible for Editor in 37.35 ms, found 0 plugins.
Preloading 0 native plugins for Editor in 0.00 ms.
Invoked RoslynAnalysisRunner static constructor.
RoslynAnalysisRunner will not be running.
RoslynAnalysisRunner has terminated.
Mono: successfully reloaded assembly
- Completed reload, in  2.970 seconds
Platform modules already initialized, skipping
Registering precompiled user dll's ...
Registered in 0.000965 seconds.
Begin MonoManager ReloadAssembly
Native extension for WindowsStandalone target not found
Refreshing native plugins compatible for Editor in 0.36 ms, found 0 plugins.
Preloading 0 native plugins for Editor in 0.00 ms.
Invoked RoslynAnalysisRunner static constructor.
RoslynAnalysisRunner will not be running.
RoslynAnalysisRunner has terminated.
Mono: successfully reloaded assembly
- Completed reload, in  1.000 seconds
Platform modules already initialized, skipping
========================================================================
Worker process is ready to serve import requests
Launched and connected shader compiler UnityShaderCompiler.exe after 0.05 seconds
Refreshing native plugins compatible for Editor in 0.50 ms, found 0 plugins.
Preloading 0 native plugins for Editor in 0.00 ms.
Unloading 1155 Unused Serialized files (Serialized files now loaded: 0)
System memory in use before: 65.0 MB.
System memory in use after: 65.1 MB.

Unloading 10 unused Assets to reduce memory usage. Loaded Objects now: 1602.
Total: 2.442600 ms (FindLiveObjects: 0.191800 ms CreateObjectMapping: 0.038000 ms MarkObjects: 2.080200 ms  DeleteObjects: 0.131000 ms)

========================================================================
Received Import Request.
  path: Assets/Prefabs/GreenGem (4).prefab
  artifactKey: Guid(f82de6c629b1e6f45b2edbc142c0f886) Importer(815301076,1909f56bfc062723c751e8b465ee728b)
Start importing Assets/Prefabs/GreenGem (4).prefab using Guid(f82de6c629b1e6f45b2edbc142c0f886) Importer(815301076,1909f56bfc062723c751e8b465ee728b)  -> (artifact id: '878f423a1ca6b3505a7e8b979326fd79') in 0.184557 seconds
  Import took 0.187441 seconds .

========================================================================
Received Import Request.
  Time since last request: 4.093378 seconds.
  path: Assets/Prefabs/GreenGem.prefab
  artifactKey: Guid(f82de6c629b1e6f45b2edbc142c0f886) Importer(815301076,1909f56bfc062723c751e8b465ee728b)
Start importing Assets/Prefabs/GreenGem.prefab using Guid(f82de6c629b1e6f45b2edbc142c0f886) Importer(815301076,1909f56bfc062723c751e8b465ee728b)  -> (artifact id: 'd3dd8a9a99f1c2215cbe2810a6f9877c') in 0.022157 seconds
  Import took 0.024908 seconds .

========================================================================
Received Import Request.
  Time since last request: 4.298493 seconds.
  path: Assets/Prefabs/GreenGem 1.prefab
  artifactKey: Guid(1c7ad30f5fbebbe409b855b292fb9f80) Importer(815301076,1909f56bfc062723c751e8b465ee728b)
Start importing Assets/Prefabs/GreenGem 1.prefab using Guid(1c7ad30f5fbebbe409b855b292fb9f80) Importer(815301076,1909f56bfc062723c751e8b465ee728b)  -> (artifact id: 'ece3cc19e635759385415e68d680e02f') in 0.019202 seconds
  Import took 0.021826 seconds .

========================================================================
Received Import Request.
  Time since last request: 13.517169 seconds.
  path: Assets/Prefabs/PinkGem.prefab
  artifactKey: Guid(1c7ad30f5fbebbe409b855b292fb9f80) Importer(815301076,1909f56bfc062723c751e8b465ee728b)
Start importing Assets/Prefabs/PinkGem.prefab using Guid(1c7ad30f5fbebbe409b855b292fb9f80) Importer(815301076,1909f56bfc062723c751e8b465ee728b)  -> (artifact id: '89648d79f6aa6d7e3224472e01cefcc8') in 0.019962 seconds
  Import took 0.022785 seconds .

========================================================================
Received Import Request.
  Time since last request: 3.808789 seconds.
  path: Assets/Prefabs/PinkGem 1.prefab
  artifactKey: Guid(a090cb0ab489327438ddedf4ec91494c) Importer(815301076,1909f56bfc062723c751e8b465ee728b)
Start importing Assets/Prefabs/PinkGem 1.prefab using Guid(a090cb0ab489327438ddedf4ec91494c) Importer(815301076,1909f56bfc062723c751e8b465ee728b)  -> (artifact id: '497172db248a76a07a08afbc164da25c') in 0.018881 seconds
  Import took 0.021446 seconds .

========================================================================
Received Import Request.
  Time since last request: 23.592721 seconds.
  path: Assets/Prefabs/SilverGem.prefab
  artifactKey: Guid(a090cb0ab489327438ddedf4ec91494c) Importer(815301076,1909f56bfc062723c751e8b465ee728b)
Start importing Assets/Prefabs/SilverGem.prefab using Guid(a090cb0ab489327438ddedf4ec91494c) Importer(815301076,1909f56bfc062723c751e8b465ee728b)  -> (artifact id: 'fb07e0faddd4e2c04fc1441e1b5829b4') in 0.020381 seconds
  Import took 0.023668 seconds .

========================================================================
Received Import Request.
  Time since last request: 239.263789 seconds.
  path: Assets/Prefabs/GreenGem.prefab
  artifactKey: Guid(f82de6c629b1e6f45b2edbc142c0f886) Importer(815301076,1909f56bfc062723c751e8b465ee728b)
Start importing Assets/Prefabs/GreenGem.prefab using Guid(f82de6c629b1e6f45b2edbc142c0f886) Importer(815301076,1909f56bfc062723c751e8b465ee728b)  -> (artifact id: '9032aa4b8e50358e924ea4547010e8cb') in 0.018783 seconds
  Import took 0.021474 seconds .

========================================================================
Received Import Request.
  Time since last request: 4.264534 seconds.
  path: Assets/Prefabs/GreenGem 1.prefab
  artifactKey: Guid(dfb74d5b0e92cd4438ec49007c3cac0a) Importer(815301076,1909f56bfc062723c751e8b465ee728b)
Start importing Assets/Prefabs/GreenGem 1.prefab using Guid(dfb74d5b0e92cd4438ec49007c3cac0a) Importer(815301076,1909f56bfc062723c751e8b465ee728b)  -> (artifact id: 'bf4b77b071ec778590c506a2f61937ed') in 0.015454 seconds
  Import took 0.017955 seconds .

========================================================================
Received Import Request.
  Time since last request: 6.077478 seconds.
  path: Assets/Prefabs/PinkGem.prefab
  artifactKey: Guid(dfb74d5b0e92cd4438ec49007c3cac0a) Importer(815301076,1909f56bfc062723c751e8b465ee728b)
Start importing Assets/Prefabs/PinkGem.prefab using Guid(dfb74d5b0e92cd4438ec49007c3cac0a) Importer(815301076,1909f56bfc062723c751e8b465ee728b)  -> (artifact id: '639d072fda9797d2c1a345cdafbe937b') in 0.014104 seconds
  Import took 0.016722 seconds .

========================================================================
Received Import Request.
  Time since last request: 1.927991 seconds.
  path: Assets/Prefabs/PinkGem 1.prefab
  artifactKey: Guid(463b8cefb7b674049a41233db9ef39de) Importer(815301076,1909f56bfc062723c751e8b465ee728b)
Start importing Assets/Prefabs/PinkGem 1.prefab using Guid(463b8cefb7b674049a41233db9ef39de) Importer(815301076,1909f56bfc062723c751e8b465ee728b)  -> (artifact id: '62ce42e5e46db989a07ea3b9a7ae02f3') in 0.019430 seconds
  Import took 0.022316 seconds .

========================================================================
Received Import Request.
  Time since last request: 9.662279 seconds.
  path: Assets/Prefabs/SilverGem.prefab
  artifactKey: Guid(463b8cefb7b674049a41233db9ef39de) Importer(815301076,1909f56bfc062723c751e8b465ee728b)
Start importing Assets/Prefabs/SilverGem.prefab using Guid(463b8cefb7b674049a41233db9ef39de) Importer(815301076,1909f56bfc062723c751e8b465ee728b)  -> (artifact id: 'fcd92b163a7ee49e77f7a20a5812fc8e') in 0.015448 seconds
  Import took 0.017968 seconds .

========================================================================
Received Import Request.
  Time since last request: 140.803658 seconds.
  path: Assets/Prefabs/GreenGem (4).prefab
  artifactKey: Guid(f82de6c629b1e6f45b2edbc142c0f886) Importer(815301076,1909f56bfc062723c751e8b465ee728b)
Start importing Assets/Prefabs/GreenGem (4).prefab using Guid(f82de6c629b1e6f45b2edbc142c0f886) Importer(815301076,1909f56bfc062723c751e8b465ee728b)  -> (artifact id: '66d2d23b02bf64c22be455b8845702fd') in 0.019677 seconds
  Import took 0.022693 seconds .

========================================================================
Received Import Request.
  Time since last request: 217.396016 seconds.
  path: Assets/Scripts/Collectables/GemPink.cs
  artifactKey: Guid(692773360df822b41bbb1a3d1709694e) Importer(815301076,1909f56bfc062723c751e8b465ee728b)
Start importing Assets/Scripts/Collectables/GemPink.cs using Guid(692773360df822b41bbb1a3d1709694e) Importer(815301076,1909f56bfc062723c751e8b465ee728b)  -> (artifact id: 'ddf1339b04219a9778f71f03f91d2d6d') in 0.022846 seconds
  Import took 0.026430 seconds .

========================================================================
Received Prepare
Registering precompiled user dll's ...
Registered in 0.000871 seconds.
Begin MonoManager ReloadAssembly
Native extension for WindowsStandalone target not found
Refreshing native plugins compatible for Editor in 0.36 ms, found 0 plugins.
Preloading 0 native plugins for Editor in 0.00 ms.
Invoked RoslynAnalysisRunner static constructor.
RoslynAnalysisRunner will not be running.
RoslynAnalysisRunner has terminated.
Mono: successfully reloaded assembly
- Completed reload, in  0.961 seconds
Platform modules already initialized, skipping
Refreshing native plugins compatible for Editor in 0.36 ms, found 0 plugins.
Preloading 0 native plugins for Editor in 0.00 ms.
Unloading 1138 Unused Serialized files (Serialized files now loaded: 0)
System memory in use before: 67.2 MB.
System memory in use after: 67.2 MB.

Unloading 5 unused Assets to reduce memory usage. Loaded Objects now: 1614.
Total: 2.590700 ms (FindLiveObjects: 0.193000 ms CreateObjectMapping: 0.037200 ms MarkObjects: 2.266500 ms  DeleteObjects: 0.092300 ms)

========================================================================
Received Import Request.
  Time since last request: 14.684384 seconds.
  path: Assets/Scripts/Collectables/GemPurple.cs
  artifactKey: Guid(b99b3ca3cc7af844695cb6f83ff7d160) Importer(815301076,1909f56bfc062723c751e8b465ee728b)
Start importing Assets/Scripts/Collectables/GemPurple.cs using Guid(b99b3ca3cc7af844695cb6f83ff7d160) Importer(815301076,1909f56bfc062723c751e8b465ee728b)  -> (artifact id: 'be8ab811f36f4872e61273105d1093ac') in 0.010425 seconds
  Import took 0.012870 seconds .

========================================================================
Received Prepare
Registering precompiled user dll's ...
Registered in 0.001030 seconds.
Begin MonoManager ReloadAssembly
Native extension for WindowsStandalone target not found
Refreshing native plugins compatible for Editor in 0.37 ms, found 0 plugins.
Preloading 0 native plugins for Editor in 0.00 ms.
Invoked RoslynAnalysisRunner static constructor.
RoslynAnalysisRunner will not be running.
RoslynAnalysisRunner has terminated.
Mono: successfully reloaded assembly
- Completed reload, in  1.118 seconds
Platform modules already initialized, skipping
Refreshing native plugins compatible for Editor in 0.37 ms, found 0 plugins.
Preloading 0 native plugins for Editor in 0.00 ms.
Unloading 1139 Unused Serialized files (Serialized files now loaded: 0)
System memory in use before: 67.2 MB.
System memory in use after: 67.3 MB.

Unloading 5 unused Assets to reduce memory usage. Loaded Objects now: 1618.
Total: 2.433100 ms (FindLiveObjects: 0.322500 ms CreateObjectMapping: 0.076600 ms MarkObjects: 1.948000 ms  DeleteObjects: 0.083600 ms)

========================================================================
Received Prepare
Registering precompiled user dll's ...
Registered in 0.001144 seconds.
Begin MonoManager ReloadAssembly
Native extension for WindowsStandalone target not found
Refreshing native plugins compatible for Editor in 0.36 ms, found 0 plugins.
Preloading 0 native plugins for Editor in 0.00 ms.
Invoked RoslynAnalysisRunner static constructor.
RoslynAnalysisRunner will not be running.
RoslynAnalysisRunner has terminated.
Mono: successfully reloaded assembly
- Completed reload, in  0.938 seconds
Platform modules already initialized, skipping
Refreshing native plugins compatible for Editor in 0.36 ms, found 0 plugins.
Preloading 0 native plugins for Editor in 0.00 ms.
Unloading 1139 Unused Serialized files (Serialized files now loaded: 0)
System memory in use before: 67.2 MB.
System memory in use after: 67.3 MB.

Unloading 5 unused Assets to reduce memory usage. Loaded Objects now: 1621.
Total: 2.399700 ms (FindLiveObjects: 0.188100 ms CreateObjectMapping: 0.034800 ms MarkObjects: 2.080200 ms  DeleteObjects: 0.095200 ms)

========================================================================
Received Import Request.
  Time since last request: 126.109978 seconds.
  path: Assets/Scripts/Collectables/GemPurple.cs
  artifactKey: Guid(b99b3ca3cc7af844695cb6f83ff7d160) Importer(815301076,1909f56bfc062723c751e8b465ee728b)
Start importing Assets/Scripts/Collectables/GemPurple.cs using Guid(b99b3ca3cc7af844695cb6f83ff7d160) Importer(815301076,1909f56bfc062723c751e8b465ee728b)  -> (artifact id: '38b50c53032bd12d5e5a2b2ce25b9d9e') in 0.005834 seconds
  Import took 0.008427 seconds .

========================================================================
Received Prepare
Registering precompiled user dll's ...
Registered in 0.001583 seconds.
Begin MonoManager ReloadAssembly
Native extension for WindowsStandalone target not found
Refreshing native plugins compatible for Editor in 0.43 ms, found 0 plugins.
Preloading 0 native plugins for Editor in 0.00 ms.
Invoked RoslynAnalysisRunner static constructor.
RoslynAnalysisRunner will not be running.
RoslynAnalysisRunner has terminated.
Mono: successfully reloaded assembly
- Completed reload, in  0.935 seconds
Platform modules already initialized, skipping
Refreshing native plugins compatible for Editor in 0.40 ms, found 0 plugins.
Preloading 0 native plugins for Editor in 0.00 ms.
Unloading 1139 Unused Serialized files (Serialized files now loaded: 0)
System memory in use before: 67.2 MB.
System memory in use after: 67.3 MB.

Unloading 5 unused Assets to reduce memory usage. Loaded Objects now: 1624.
Total: 2.632500 ms (FindLiveObjects: 0.219900 ms CreateObjectMapping: 0.042900 ms MarkObjects: 2.279200 ms  DeleteObjects: 0.088500 ms)

========================================================================
Received Import Request.
  Time since last request: 193.327851 seconds.
  path: Assets/Prefabs/GreenGem.prefab
  artifactKey: Guid(d830bc60ae50aa942bc97b3ac0a0cb43) Importer(815301076,1909f56bfc062723c751e8b465ee728b)
Start importing Assets/Prefabs/GreenGem.prefab using Guid(d830bc60ae50aa942bc97b3ac0a0cb43) Importer(815301076,1909f56bfc062723c751e8b465ee728b)  -> (artifact id: '401e4bdc86af8a68e83ebb2707bd9b1b') in 0.088904 seconds
  Import took 0.091773 seconds .

========================================================================
Received Import Request.
  Time since last request: 14.730677 seconds.
  path: Assets/Prefabs/PinkGem.prefab
  artifactKey: Guid(b95980108c8276b40af967dbc5d12c48) Importer(815301076,1909f56bfc062723c751e8b465ee728b)
Start importing Assets/Prefabs/PinkGem.prefab using Guid(b95980108c8276b40af967dbc5d12c48) Importer(815301076,1909f56bfc062723c751e8b465ee728b)  -> (artifact id: 'b3f321a10ba687c98d4681cb645f306b') in 0.017749 seconds
  Import took 0.020435 seconds .

========================================================================
Received Import Request.
  Time since last request: 4.723084 seconds.
  path: Assets/Prefabs/PurpleGem.prefab
  artifactKey: Guid(4f699eeca6d94ce4b86fa10f82eaa0b3) Importer(815301076,1909f56bfc062723c751e8b465ee728b)
Start importing Assets/Prefabs/PurpleGem.prefab using Guid(4f699eeca6d94ce4b86fa10f82eaa0b3) Importer(815301076,1909f56bfc062723c751e8b465ee728b)  -> (artifact id: 'b8439ff758f599d150c9ce1156f4d4a0') in 0.019651 seconds
  Import took 0.022115 seconds .

========================================================================
Received Prepare
Registering precompiled user dll's ...
Registered in 0.000901 seconds.
Begin MonoManager ReloadAssembly
Native extension for WindowsStandalone target not found
Refreshing native plugins compatible for Editor in 0.89 ms, found 0 plugins.
Preloading 0 native plugins for Editor in 0.00 ms.
Invoked RoslynAnalysisRunner static constructor.
RoslynAnalysisRunner will not be running.
RoslynAnalysisRunner has terminated.
Mono: successfully reloaded assembly
- Completed reload, in  0.996 seconds
Platform modules already initialized, skipping
Refreshing native plugins compatible for Editor in 0.41 ms, found 0 plugins.
Preloading 0 native plugins for Editor in 0.00 ms.
Unloading 1139 Unused Serialized files (Serialized files now loaded: 0)
System memory in use before: 67.3 MB.
System memory in use after: 67.3 MB.

Unloading 5 unused Assets to reduce memory usage. Loaded Objects now: 1628.
Total: 2.738800 ms (FindLiveObjects: 0.271900 ms CreateObjectMapping: 0.061100 ms MarkObjects: 2.321000 ms  DeleteObjects: 0.082800 ms)

========================================================================
Received Prepare
Registering precompiled user dll's ...
Registered in 0.000971 seconds.
Begin MonoManager ReloadAssembly
Native extension for WindowsStandalone target not found
Refreshing native plugins compatible for Editor in 0.37 ms, found 0 plugins.
Preloading 0 native plugins for Editor in 0.00 ms.
Invoked RoslynAnalysisRunner static constructor.
RoslynAnalysisRunner will not be running.
RoslynAnalysisRunner has terminated.
Mono: successfully reloaded assembly
- Completed reload, in  0.932 seconds
Platform modules already initialized, skipping
Refreshing native plugins compatible for Editor in 0.52 ms, found 0 plugins.
Preloading 0 native plugins for Editor in 0.00 ms.
Unloading 1139 Unused Serialized files (Serialized files now loaded: 0)
System memory in use before: 67.3 MB.
System memory in use after: 67.3 MB.

Unloading 5 unused Assets to reduce memory usage. Loaded Objects now: 1631.
Total: 2.315400 ms (FindLiveObjects: 0.198200 ms CreateObjectMapping: 0.038300 ms MarkObjects: 1.984200 ms  DeleteObjects: 0.093400 ms)

========================================================================
Received Prepare
Registering precompiled user dll's ...
Registered in 0.000964 seconds.
Begin MonoManager ReloadAssembly
Native extension for WindowsStandalone target not found
Refreshing native plugins compatible for Editor in 0.44 ms, found 0 plugins.
Preloading 0 native plugins for Editor in 0.00 ms.
Invoked RoslynAnalysisRunner static constructor.
RoslynAnalysisRunner will not be running.
RoslynAnalysisRunner has terminated.
Mono: successfully reloaded assembly
- Completed reload, in  0.937 seconds
Platform modules already initialized, skipping
Refreshing native plugins compatible for Editor in 0.36 ms, found 0 plugins.
Preloading 0 native plugins for Editor in 0.00 ms.
Unloading 1139 Unused Serialized files (Serialized files now loaded: 0)
System memory in use before: 67.3 MB.
System memory in use after: 67.3 MB.

Unloading 5 unused Assets to reduce memory usage. Loaded Objects now: 1634.
Total: 2.727300 ms (FindLiveObjects: 0.223400 ms CreateObjectMapping: 0.039200 ms MarkObjects: 2.364700 ms  DeleteObjects: 0.097200 ms)

========================================================================
Received Import Request.
  Time since last request: 1422.150193 seconds.
  path: Assets/Scenes/Level001.unity
  artifactKey: Guid(77e024f93d6d51140904b6ce0d8480c2) Importer(815301076,1909f56bfc062723c751e8b465ee728b)
Start importing Assets/Scenes/Level001.unity using Guid(77e024f93d6d51140904b6ce0d8480c2) Importer(815301076,1909f56bfc062723c751e8b465ee728b)  -> (artifact id: '2ceb16c781cefa2590948abac60a0802') in 0.022286 seconds
  Import took 0.025223 seconds .

========================================================================
Received Import Request.
  Time since last request: 2.911162 seconds.
  path: Assets/Scenes/Level001 1.unity
  artifactKey: Guid(0b7bdd05543883440bd7d9cd5579e557) Importer(815301076,1909f56bfc062723c751e8b465ee728b)
Start importing Assets/Scenes/Level001 1.unity using Guid(0b7bdd05543883440bd7d9cd5579e557) Importer(815301076,1909f56bfc062723c751e8b465ee728b)  -> (artifact id: '82993fbe7b01941de64ad580504f4655') in 0.008384 seconds
  Import took 0.010998 seconds .

========================================================================
Received Import Request.
  Time since last request: 9.177171 seconds.
  path: Assets/Scenes/Level002.unity
  artifactKey: Guid(0b7bdd05543883440bd7d9cd5579e557) Importer(815301076,1909f56bfc062723c751e8b465ee728b)
Start importing Assets/Scenes/Level002.unity using Guid(0b7bdd05543883440bd7d9cd5579e557) Importer(815301076,1909f56bfc062723c751e8b465ee728b)  -> (artifact id: 'baba3617c6864ff3b4851b8baf714c01') in 0.010381 seconds
  Import took 0.013612 seconds .

========================================================================
Received Import Request.
  Time since last request: 0.008738 seconds.
  path: Assets/Scenes/Level002.unity
  artifactKey: Guid(0b7bdd05543883440bd7d9cd5579e557) Importer(815301076,1909f56bfc062723c751e8b465ee728b)
Start importing Assets/Scenes/Level002.unity using Guid(0b7bdd05543883440bd7d9cd5579e557) Importer(815301076,1909f56bfc062723c751e8b465ee728b)  -> (artifact id: 'baba3617c6864ff3b4851b8baf714c01') in 0.004876 seconds
  Import took 0.007248 seconds .

========================================================================
Received Import Request.
  Time since last request: 2704.674137 seconds.
  path: Assets/Scenes/Level002.unity
  artifactKey: Guid(0b7bdd05543883440bd7d9cd5579e557) Importer(815301076,1909f56bfc062723c751e8b465ee728b)
Start importing Assets/Scenes/Level002.unity using Guid(0b7bdd05543883440bd7d9cd5579e557) Importer(815301076,1909f56bfc062723c751e8b465ee728b)  -> (artifact id: 'a66d888d71fd0004a3fb1586780ae3ff') in 0.003224 seconds
  Import took 0.005935 seconds .

========================================================================
Received Import Request.
  Time since last request: 10.234828 seconds.
  path: Assets/Scenes/Level002.unity
  artifactKey: Guid(0b7bdd05543883440bd7d9cd5579e557) Importer(815301076,1909f56bfc062723c751e8b465ee728b)
Start importing Assets/Scenes/Level002.unity using Guid(0b7bdd05543883440bd7d9cd5579e557) Importer(815301076,1909f56bfc062723c751e8b465ee728b)  -> (artifact id: 'c1616f5062878be99e446c65ed37012b') in 0.002961 seconds
  Import took 0.005648 seconds .

========================================================================
Received Prepare
Registering precompiled user dll's ...
Registered in 0.001826 seconds.
Begin MonoManager ReloadAssembly
Native extension for WindowsStandalone target not found
Refreshing native plugins compatible for Editor in 0.36 ms, found 0 plugins.
Preloading 0 native plugins for Editor in 0.00 ms.
Invoked RoslynAnalysisRunner static constructor.
RoslynAnalysisRunner will not be running.
RoslynAnalysisRunner has terminated.
Mono: successfully reloaded assembly
- Completed reload, in  0.940 seconds
Platform modules already initialized, skipping
Refreshing native plugins compatible for Editor in 0.37 ms, found 0 plugins.
Preloading 0 native plugins for Editor in 0.00 ms.
Unloading 1139 Unused Serialized files (Serialized files now loaded: 0)
System memory in use before: 67.3 MB.
System memory in use after: 67.4 MB.

Unloading 5 unused Assets to reduce memory usage. Loaded Objects now: 1637.
Total: 2.601600 ms (FindLiveObjects: 0.282000 ms CreateObjectMapping: 0.054200 ms MarkObjects: 2.172300 ms  DeleteObjects: 0.091500 ms)

========================================================================
Received Import Request.
  Time since last request: 492.605083 seconds.
  path: Assets/Scripts/Level/Levels/Level001.cs
  artifactKey: Guid(b7a52adcb3bf56849807f68f6dfe1fe2) Importer(815301076,1909f56bfc062723c751e8b465ee728b)
Start importing Assets/Scripts/Level/Levels/Level001.cs using Guid(b7a52adcb3bf56849807f68f6dfe1fe2) Importer(815301076,1909f56bfc062723c751e8b465ee728b)  -> (artifact id: '216da94136e9049da2c9501866b09cd4') in 0.011310 seconds
  Import took 0.014181 seconds .

========================================================================
Received Import Request.
  Time since last request: 2.725399 seconds.
  path: Assets/Scripts/Level/Levels/Level002.cs
  artifactKey: Guid(215ffcc64cb6eb94799caf447b7f50e1) Importer(815301076,1909f56bfc062723c751e8b465ee728b)
Start importing Assets/Scripts/Level/Levels/Level002.cs using Guid(215ffcc64cb6eb94799caf447b7f50e1) Importer(815301076,1909f56bfc062723c751e8b465ee728b)  -> (artifact id: '036660830185f71909e6cffbf6776de2') in 0.007879 seconds
  Import took 0.010356 seconds .

========================================================================
Received Prepare
Registering precompiled user dll's ...
Registered in 0.001187 seconds.
Begin MonoManager ReloadAssembly
Native extension for WindowsStandalone target not found
Refreshing native plugins compatible for Editor in 0.37 ms, found 0 plugins.
Preloading 0 native plugins for Editor in 0.00 ms.
Invoked RoslynAnalysisRunner static constructor.
RoslynAnalysisRunner will not be running.
RoslynAnalysisRunner has terminated.
Mono: successfully reloaded assembly
- Completed reload, in  0.943 seconds
Platform modules already initialized, skipping
Refreshing native plugins compatible for Editor in 0.37 ms, found 0 plugins.
Preloading 0 native plugins for Editor in 0.00 ms.
Unloading 1140 Unused Serialized files (Serialized files now loaded: 0)
System memory in use before: 67.3 MB.
System memory in use after: 67.4 MB.

Unloading 5 unused Assets to reduce memory usage. Loaded Objects now: 1641.
Total: 2.475900 ms (FindLiveObjects: 0.220800 ms CreateObjectMapping: 0.042100 ms MarkObjects: 2.114600 ms  DeleteObjects: 0.096200 ms)

========================================================================
Received Import Request.
  Time since last request: 26.029066 seconds.
  path: Assets/Scripts/Level/Levels/Level002.cs
  artifactKey: Guid(215ffcc64cb6eb94799caf447b7f50e1) Importer(815301076,1909f56bfc062723c751e8b465ee728b)
Start importing Assets/Scripts/Level/Levels/Level002.cs using Guid(215ffcc64cb6eb94799caf447b7f50e1) Importer(815301076,1909f56bfc062723c751e8b465ee728b)  -> (artifact id: '50fd55aa475ea50ea203094b41f56f52') in 0.005818 seconds
  Import took 0.008443 seconds .

========================================================================
Received Prepare
Registering precompiled user dll's ...
Registered in 0.001139 seconds.
Begin MonoManager ReloadAssembly
Native extension for WindowsStandalone target not found
Refreshing native plugins compatible for Editor in 0.37 ms, found 0 plugins.
Preloading 0 native plugins for Editor in 0.00 ms.
Invoked RoslynAnalysisRunner static constructor.
RoslynAnalysisRunner will not be running.
RoslynAnalysisRunner has terminated.
Mono: successfully reloaded assembly
- Completed reload, in  0.950 seconds
Platform modules already initialized, skipping
Refreshing native plugins compatible for Editor in 0.37 ms, found 0 plugins.
Preloading 0 native plugins for Editor in 0.00 ms.
Unloading 1140 Unused Serialized files (Serialized files now loaded: 0)
System memory in use before: 67.3 MB.
System memory in use after: 67.4 MB.

Unloading 5 unused Assets to reduce memory usage. Loaded Objects now: 1644.
Total: 2.336000 ms (FindLiveObjects: 0.206400 ms CreateObjectMapping: 0.038300 ms MarkObjects: 1.995700 ms  DeleteObjects: 0.093900 ms)

========================================================================
Received Import Request.
  Time since last request: 59.121097 seconds.
  path: Assets/Scripts/Level/Levels/Level002.cs
  artifactKey: Guid(215ffcc64cb6eb94799caf447b7f50e1) Importer(815301076,1909f56bfc062723c751e8b465ee728b)
Start importing Assets/Scripts/Level/Levels/Level002.cs using Guid(215ffcc64cb6eb94799caf447b7f50e1) Importer(815301076,1909f56bfc062723c751e8b465ee728b)  -> (artifact id: '02d7dfe98d07c92935060632401e24ed') in 0.006179 seconds
  Import took 0.009098 seconds .

========================================================================
Received Import Request.
  Time since last request: 7.280985 seconds.
  path: Assets/Scenes/Level001 1.unity
  artifactKey: Guid(24465c219d3e4664fbf33f7f395656a6) Importer(815301076,1909f56bfc062723c751e8b465ee728b)
Start importing Assets/Scenes/Level001 1.unity using Guid(24465c219d3e4664fbf33f7f395656a6) Importer(815301076,1909f56bfc062723c751e8b465ee728b)  -> (artifact id: '33afae03bdeaa4a16c6c8b05b4a1cd0b') in 0.016275 seconds
  Import took 0.018863 seconds .

========================================================================
Received Import Request.
  Time since last request: 0.001894 seconds.
  path: Assets/Scenes/Level001 1.unity
  artifactKey: Guid(24465c219d3e4664fbf33f7f395656a6) Importer(815301076,1909f56bfc062723c751e8b465ee728b)
Start importing Assets/Scenes/Level001 1.unity using Guid(24465c219d3e4664fbf33f7f395656a6) Importer(815301076,1909f56bfc062723c751e8b465ee728b)  -> (artifact id: '33afae03bdeaa4a16c6c8b05b4a1cd0b') in 0.003139 seconds
  Import took 0.005928 seconds .

========================================================================
Received Import Request.
  Time since last request: 8.978988 seconds.
  path: Assets/Scenes/Level003.unity
  artifactKey: Guid(24465c219d3e4664fbf33f7f395656a6) Importer(815301076,1909f56bfc062723c751e8b465ee728b)
Start importing Assets/Scenes/Level003.unity using Guid(24465c219d3e4664fbf33f7f395656a6) Importer(815301076,1909f56bfc062723c751e8b465ee728b)  -> (artifact id: 'd3836c61af65379949833a10321f8e1a') in 0.008515 seconds
  Import took 0.012461 seconds .

========================================================================
Received Import Request.
  Time since last request: 0.002455 seconds.
  path: Assets/Scenes/Level003.unity
  artifactKey: Guid(24465c219d3e4664fbf33f7f395656a6) Importer(815301076,1909f56bfc062723c751e8b465ee728b)
Start importing Assets/Scenes/Level003.unity using Guid(24465c219d3e4664fbf33f7f395656a6) Importer(815301076,1909f56bfc062723c751e8b465ee728b)  -> (artifact id: 'd3836c61af65379949833a10321f8e1a') in 0.004118 seconds
  Import took 0.006899 seconds .

========================================================================
Received Prepare
Registering precompiled user dll's ...
Registered in 0.000977 seconds.
Begin MonoManager ReloadAssembly
Native extension for WindowsStandalone target not found
Refreshing native plugins compatible for Editor in 0.37 ms, found 0 plugins.
Preloading 0 native plugins for Editor in 0.00 ms.
Invoked RoslynAnalysisRunner static constructor.
RoslynAnalysisRunner will not be running.
RoslynAnalysisRunner has terminated.
Mono: successfully reloaded assembly
- Completed reload, in  0.972 seconds
Platform modules already initialized, skipping
Refreshing native plugins compatible for Editor in 0.36 ms, found 0 plugins.
Preloading 0 native plugins for Editor in 0.00 ms.
Unloading 1140 Unused Serialized files (Serialized files now loaded: 0)
System memory in use before: 67.4 MB.
System memory in use after: 67.4 MB.

Unloading 5 unused Assets to reduce memory usage. Loaded Objects now: 1647.
Total: 2.411600 ms (FindLiveObjects: 0.215600 ms CreateObjectMapping: 0.044100 ms MarkObjects: 2.059400 ms  DeleteObjects: 0.091000 ms)

========================================================================
Received Import Request.
  Time since last request: 596.725369 seconds.
  path: Assets/Scripts/Level/Levels/Level003.cs
  artifactKey: Guid(891f8745cc5fe1549bdeb67ff7edf8f9) Importer(815301076,1909f56bfc062723c751e8b465ee728b)
Start importing Assets/Scripts/Level/Levels/Level003.cs using Guid(891f8745cc5fe1549bdeb67ff7edf8f9) Importer(815301076,1909f56bfc062723c751e8b465ee728b)  -> (artifact id: 'c4e886f4edd7cff77ffbe4957bb1af9c') in 0.011623 seconds
  Import took 0.014552 seconds .

========================================================================
Received Prepare
Registering precompiled user dll's ...
Registered in 0.001028 seconds.
Begin MonoManager ReloadAssembly
Native extension for WindowsStandalone target not found
Refreshing native plugins compatible for Editor in 0.37 ms, found 0 plugins.
Preloading 0 native plugins for Editor in 0.00 ms.
Invoked RoslynAnalysisRunner static constructor.
RoslynAnalysisRunner will not be running.
RoslynAnalysisRunner has terminated.
Mono: successfully reloaded assembly
- Completed reload, in  0.952 seconds
Platform modules already initialized, skipping
Refreshing native plugins compatible for Editor in 0.37 ms, found 0 plugins.
Preloading 0 native plugins for Editor in 0.00 ms.
Unloading 1141 Unused Serialized files (Serialized files now loaded: 0)
System memory in use before: 67.4 MB.
System memory in use after: 67.5 MB.

Unloading 5 unused Assets to reduce memory usage. Loaded Objects now: 1651.
Total: 3.077400 ms (FindLiveObjects: 0.364800 ms CreateObjectMapping: 0.051300 ms MarkObjects: 2.570600 ms  DeleteObjects: 0.088300 ms)

========================================================================
Received Import Request.
  Time since last request: 140.569143 seconds.
  path: Assets/Scripts/Level/Levels/Level003.cs
  artifactKey: Guid(891f8745cc5fe1549bdeb67ff7edf8f9) Importer(815301076,1909f56bfc062723c751e8b465ee728b)
Start importing Assets/Scripts/Level/Levels/Level003.cs using Guid(891f8745cc5fe1549bdeb67ff7edf8f9) Importer(815301076,1909f56bfc062723c751e8b465ee728b)  -> (artifact id: '4981040cc58970c6ab11711644d9289b') in 0.005682 seconds
  Import took 0.008356 seconds .

========================================================================
Received Import Request.
  Time since last request: 62.987209 seconds.
  path: Assets/Scenes/Level002.unity
  artifactKey: Guid(0b7bdd05543883440bd7d9cd5579e557) Importer(815301076,1909f56bfc062723c751e8b465ee728b)
Start importing Assets/Scenes/Level002.unity using Guid(0b7bdd05543883440bd7d9cd5579e557) Importer(815301076,1909f56bfc062723c751e8b465ee728b)  -> (artifact id: '5d260165bad250f0ed9b8cdaf7827d7d') in 0.013936 seconds
  Import took 0.017538 seconds .

========================================================================
Received Import Request.
  Time since last request: 0.007848 seconds.
  path: Assets/Scenes/Level002.unity
  artifactKey: Guid(0b7bdd05543883440bd7d9cd5579e557) Importer(815301076,1909f56bfc062723c751e8b465ee728b)
Start importing Assets/Scenes/Level002.unity using Guid(0b7bdd05543883440bd7d9cd5579e557) Importer(815301076,1909f56bfc062723c751e8b465ee728b)  -> (artifact id: '5d260165bad250f0ed9b8cdaf7827d7d') in 0.002797 seconds
  Import took 0.005654 seconds .

========================================================================
Received Prepare
Registering precompiled user dll's ...
Registered in 0.001017 seconds.
Begin MonoManager ReloadAssembly
Native extension for WindowsStandalone target not found
Refreshing native plugins compatible for Editor in 0.37 ms, found 0 plugins.
Preloading 0 native plugins for Editor in 0.00 ms.
Invoked RoslynAnalysisRunner static constructor.
RoslynAnalysisRunner will not be running.
RoslynAnalysisRunner has terminated.
Mono: successfully reloaded assembly
- Completed reload, in  0.938 seconds
Platform modules already initialized, skipping
Refreshing native plugins compatible for Editor in 0.38 ms, found 0 plugins.
Preloading 0 native plugins for Editor in 0.00 ms.
Unloading 1141 Unused Serialized files (Serialized files now loaded: 0)
System memory in use before: 67.4 MB.
System memory in use after: 67.5 MB.

Unloading 5 unused Assets to reduce memory usage. Loaded Objects now: 1654.
Total: 2.324100 ms (FindLiveObjects: 0.208500 ms CreateObjectMapping: 0.041100 ms MarkObjects: 1.983900 ms  DeleteObjects: 0.089000 ms)

========================================================================
Received Import Request.
  Time since last request: 85.178442 seconds.
  path: Assets/Scenes/Level003.unity
  artifactKey: Guid(24465c219d3e4664fbf33f7f395656a6) Importer(815301076,1909f56bfc062723c751e8b465ee728b)
Start importing Assets/Scenes/Level003.unity using Guid(24465c219d3e4664fbf33f7f395656a6) Importer(815301076,1909f56bfc062723c751e8b465ee728b)  -> (artifact id: '86ef96ddf3bc624ad4ad45700d5f172c') in 0.014927 seconds
  Import took 0.017441 seconds .

========================================================================
Received Import Request.
  Time since last request: 0.000588 seconds.
  path: Assets/Scenes/Level003.unity
  artifactKey: Guid(24465c219d3e4664fbf33f7f395656a6) Importer(815301076,1909f56bfc062723c751e8b465ee728b)
Start importing Assets/Scenes/Level003.unity using Guid(24465c219d3e4664fbf33f7f395656a6) Importer(815301076,1909f56bfc062723c751e8b465ee728b)  -> (artifact id: '86ef96ddf3bc624ad4ad45700d5f172c') in 0.002829 seconds
  Import took 0.005201 seconds .

========================================================================
Received Import Request.
  Time since last request: 4.640060 seconds.
  path: Assets/Scenes/Level002.unity
  artifactKey: Guid(0b7bdd05543883440bd7d9cd5579e557) Importer(815301076,1909f56bfc062723c751e8b465ee728b)
Start importing Assets/Scenes/Level002.unity using Guid(0b7bdd05543883440bd7d9cd5579e557) Importer(815301076,1909f56bfc062723c751e8b465ee728b)  -> (artifact id: 'c83fbc846e223684d3e59d9585ad3525') in 0.003057 seconds
  Import took 0.005644 seconds .

========================================================================
Received Import Request.
  Time since last request: 116.474187 seconds.
  path: Assets/Audio/Levels/honey-bear-loop.ogg
  artifactKey: Guid(435fa8ef90b715d4cb3b88502dd82635) Importer(815301076,1909f56bfc062723c751e8b465ee728b)
Start importing Assets/Audio/Levels/honey-bear-loop.ogg using Guid(435fa8ef90b715d4cb3b88502dd82635) Importer(815301076,1909f56bfc062723c751e8b465ee728b)  -> (artifact id: '8fb40d7a154a182957a9005d81396c54') in 0.112348 seconds
  Import took 0.114713 seconds .

========================================================================
Received Import Request.
  Time since last request: 6.690772 seconds.
  path: Assets/Audio/Levels/sci-fi_theme.mp3
  artifactKey: Guid(a6b0b0b8c1758874491b7126b44148c8) Importer(815301076,1909f56bfc062723c751e8b465ee728b)
Start importing Assets/Audio/Levels/sci-fi_theme.mp3 using Guid(a6b0b0b8c1758874491b7126b44148c8) Importer(815301076,1909f56bfc062723c751e8b465ee728b)  -> (artifact id: 'b7e2c4b3ce96059a9c39135cb9d5b027') in 0.019722 seconds
  Import took 0.022335 seconds .

========================================================================
Received Import Request.
  Time since last request: 0.000817 seconds.
  path: Assets/Audio/Levels/sci-fi_theme.mp3
  artifactKey: Guid(a6b0b0b8c1758874491b7126b44148c8) Importer(815301076,1909f56bfc062723c751e8b465ee728b)
Start importing Assets/Audio/Levels/sci-fi_theme.mp3 using Guid(a6b0b0b8c1758874491b7126b44148c8) Importer(815301076,1909f56bfc062723c751e8b465ee728b)  -> (artifact id: 'b7e2c4b3ce96059a9c39135cb9d5b027') in 0.013319 seconds
  Import took 0.015958 seconds .

========================================================================
Received Import Request.
  Time since last request: 9.089804 seconds.
  path: Assets/Audio/Levels/Sky Portal.mp3
  artifactKey: Guid(8113a630f677c6645991358b3fffc20d) Importer(815301076,1909f56bfc062723c751e8b465ee728b)
Start importing Assets/Audio/Levels/Sky Portal.mp3 using Guid(8113a630f677c6645991358b3fffc20d) Importer(815301076,1909f56bfc062723c751e8b465ee728b)  -> (artifact id: '98e0ab4132ad067abce27ba85264ae50') in 0.015773 seconds
  Import took 0.018253 seconds .

========================================================================
Received Import Request.
  Time since last request: 0.004225 seconds.
  path: Assets/Audio/Levels/Sky Portal.mp3
  artifactKey: Guid(8113a630f677c6645991358b3fffc20d) Importer(815301076,1909f56bfc062723c751e8b465ee728b)
Start importing Assets/Audio/Levels/Sky Portal.mp3 using Guid(8113a630f677c6645991358b3fffc20d) Importer(815301076,1909f56bfc062723c751e8b465ee728b)  -> (artifact id: '98e0ab4132ad067abce27ba85264ae50') in 0.013049 seconds
  Import took 0.015965 seconds .

========================================================================
Received Import Request.
  Time since last request: 9.901591 seconds.
  path: Assets/Audio/Levels/Space Sprinkles.mp3
  artifactKey: Guid(78c2bfd48ab809248ac682a979c16a39) Importer(815301076,1909f56bfc062723c751e8b465ee728b)
Start importing Assets/Audio/Levels/Space Sprinkles.mp3 using Guid(78c2bfd48ab809248ac682a979c16a39) Importer(815301076,1909f56bfc062723c751e8b465ee728b)  -> (artifact id: '6a1f90ccf4b9b4740f18a9504e8a042c') in 0.015955 seconds
  Import took 0.018399 seconds .

========================================================================
Received Import Request.
  Time since last request: 25.920464 seconds.
  path: Assets/Audio/Levels/TremLoadingloopl.wav
  artifactKey: Guid(0e07ead5ba09ff745a0f9770484e35b9) Importer(815301076,1909f56bfc062723c751e8b465ee728b)
Start importing Assets/Audio/Levels/TremLoadingloopl.wav using Guid(0e07ead5ba09ff745a0f9770484e35b9) Importer(815301076,1909f56bfc062723c751e8b465ee728b)  -> (artifact id: '8193d238d308e4d0fc436ae1fc9f3a36') in 0.018392 seconds
  Import took 0.021180 seconds .

========================================================================
Received Import Request.
  Time since last request: 0.002214 seconds.
  path: Assets/Audio/Levels/TremLoadingloopl.wav
  artifactKey: Guid(0e07ead5ba09ff745a0f9770484e35b9) Importer(815301076,1909f56bfc062723c751e8b465ee728b)
Start importing Assets/Audio/Levels/TremLoadingloopl.wav using Guid(0e07ead5ba09ff745a0f9770484e35b9) Importer(815301076,1909f56bfc062723c751e8b465ee728b)  -> (artifact id: '8193d238d308e4d0fc436ae1fc9f3a36') in 0.015566 seconds
  Import took 0.018114 seconds .

========================================================================
Received Prepare
Registering precompiled user dll's ...
Registered in 0.001223 seconds.
Begin MonoManager ReloadAssembly
Native extension for WindowsStandalone target not found
Refreshing native plugins compatible for Editor in 0.37 ms, found 0 plugins.
Preloading 0 native plugins for Editor in 0.00 ms.
Invoked RoslynAnalysisRunner static constructor.
RoslynAnalysisRunner will not be running.
RoslynAnalysisRunner has terminated.
Mono: successfully reloaded assembly
- Completed reload, in  0.951 seconds
Platform modules already initialized, skipping
Refreshing native plugins compatible for Editor in 0.36 ms, found 0 plugins.
Preloading 0 native plugins for Editor in 0.00 ms.
Unloading 1141 Unused Serialized files (Serialized files now loaded: 0)
System memory in use before: 67.5 MB.
System memory in use after: 67.6 MB.

Unloading 5 unused Assets to reduce memory usage. Loaded Objects now: 1660.
Total: 2.598400 ms (FindLiveObjects: 0.362600 ms CreateObjectMapping: 0.045700 ms MarkObjects: 2.092500 ms  DeleteObjects: 0.095800 ms)

========================================================================
Received Import Request.
  Time since last request: 63.025460 seconds.
  path: Assets/Scenes/Level003.unity
  artifactKey: Guid(24465c219d3e4664fbf33f7f395656a6) Importer(815301076,1909f56bfc062723c751e8b465ee728b)
Start importing Assets/Scenes/Level003.unity using Guid(24465c219d3e4664fbf33f7f395656a6) Importer(815301076,1909f56bfc062723c751e8b465ee728b)  -> (artifact id: '8726886c54e4f329138bc5a11ca35184') in 0.016300 seconds
  Import took 0.018944 seconds .

========================================================================
Received Prepare
Registering precompiled user dll's ...
Registered in 0.000975 seconds.
Begin MonoManager ReloadAssembly
Native extension for WindowsStandalone target not found
Refreshing native plugins compatible for Editor in 0.43 ms, found 0 plugins.
Preloading 0 native plugins for Editor in 0.00 ms.
Invoked RoslynAnalysisRunner static constructor.
RoslynAnalysisRunner will not be running.
RoslynAnalysisRunner has terminated.
Mono: successfully reloaded assembly
- Completed reload, in  0.960 seconds
Platform modules already initialized, skipping
Refreshing native plugins compatible for Editor in 0.37 ms, found 0 plugins.
Preloading 0 native plugins for Editor in 0.00 ms.
Unloading 1141 Unused Serialized files (Serialized files now loaded: 0)
System memory in use before: 67.5 MB.
System memory in use after: 67.6 MB.

Unloading 5 unused Assets to reduce memory usage. Loaded Objects now: 1663.
Total: 2.039500 ms (FindLiveObjects: 0.204600 ms CreateObjectMapping: 0.039300 ms MarkObjects: 1.706400 ms  DeleteObjects: 0.088000 ms)

AssetImportWorkerClient::OnTransportError - code=2 error=End of file
