Using pre-set license
Built from '2020.3/staging' branch; Version is '2020.3.0f1 (c7b5465681fb) revision 13088070'; Using compiler version '192528614'; Build Type 'Release'
OS: 'Windows 10 Home; OS build 19042.1165; Version 2009; 64bit' Language: 'en' Physical Memory: 15808 MB
BatchMode: 1, IsHumanControllingUs: 0, StartBugReporterOnCrash: 0, Is64bit: 1, IsPro: 0

 COMMAND LINE ARGUMENTS:
D:\Unity\2020.3.0f1\Editor\Unity.exe
-adb2
-batchMode
-noUpm
-name
AssetImportWorker0
-projectPath
D:/Unity/Projects/The-Girl-Who-Leapt-Through-Space/The-Girl-Who-Leapt-Through-Space
-logFile
Logs/AssetImportWorker0.log
-srvPort
50525
Successfully changed project path to: D:/Unity/Projects/The-Girl-Who-Leapt-Through-Space/The-Girl-Who-Leapt-Through-Space
D:/Unity/Projects/The-Girl-Who-Leapt-Through-Space/The-Girl-Who-Leapt-Through-Space
Using Asset Import Pipeline V2.
Refreshing native plugins compatible for Editor in 40.42 ms, found 0 plugins.
Preloading 0 native plugins for Editor in 0.00 ms.
Initialize engine version: 2020.3.0f1 (c7b5465681fb)
[Subsystems] Discovering subsystems at path D:/Unity/2020.3.0f1/Editor/Data/Resources/UnitySubsystems
[Subsystems] Discovering subsystems at path D:/Unity/Projects/The-Girl-Who-Leapt-Through-Space/The-Girl-Who-Leapt-Through-Space/Assets
GfxDevice: creating device client; threaded=0
Direct3D:
    Version:  Direct3D 11.0 [level 11.1]
    Renderer: NVIDIA GeForce GTX 1650 (ID=0x1f91)
    Vendor:   
    VRAM:     3962 MB
    Driver:   30.0.14.7168
Initialize mono
Mono path[0] = 'D:/Unity/2020.3.0f1/Editor/Data/Managed'
Mono path[1] = 'D:/Unity/2020.3.0f1/Editor/Data/MonoBleedingEdge/lib/mono/unityjit'
Mono config path = 'D:/Unity/2020.3.0f1/Editor/Data/MonoBleedingEdge/etc'
Using monoOptions --debugger-agent=transport=dt_socket,embedding=1,server=y,suspend=n,address=127.0.0.1:56396
Begin MonoManager ReloadAssembly
Registering precompiled unity dll's ...
Register platform support module: D:/Unity/2020.3.0f1/Editor/Data/PlaybackEngines/WindowsStandaloneSupport/UnityEditor.WindowsStandalone.Extensions.dll
Registered in 0.001472 seconds.
Native extension for WindowsStandalone target not found
Refreshing native plugins compatible for Editor in 40.01 ms, found 0 plugins.
Preloading 0 native plugins for Editor in 0.00 ms.
Invoked RoslynAnalysisRunner static constructor.
RoslynAnalysisRunner will not be running.
RoslynAnalysisRunner has terminated.
Mono: successfully reloaded assembly
- Completed reload, in  2.917 seconds
Platform modules already initialized, skipping
Registering precompiled user dll's ...
Registered in 0.001230 seconds.
Begin MonoManager ReloadAssembly
Native extension for WindowsStandalone target not found
Refreshing native plugins compatible for Editor in 0.36 ms, found 0 plugins.
Preloading 0 native plugins for Editor in 0.00 ms.
Invoked RoslynAnalysisRunner static constructor.
RoslynAnalysisRunner will not be running.
RoslynAnalysisRunner has terminated.
Mono: successfully reloaded assembly
- Completed reload, in  1.004 seconds
Platform modules already initialized, skipping
========================================================================
Worker process is ready to serve import requests
Launched and connected shader compiler UnityShaderCompiler.exe after 0.05 seconds
Refreshing native plugins compatible for Editor in 0.35 ms, found 0 plugins.
Preloading 0 native plugins for Editor in 0.00 ms.
Unloading 1154 Unused Serialized files (Serialized files now loaded: 0)
System memory in use before: 65.0 MB.
System memory in use after: 65.1 MB.

Unloading 10 unused Assets to reduce memory usage. Loaded Objects now: 1601.
Total: 2.421800 ms (FindLiveObjects: 0.192400 ms CreateObjectMapping: 0.037700 ms MarkObjects: 2.055700 ms  DeleteObjects: 0.134100 ms)

========================================================================
Received Import Request.
  path: Assets/Prefabs/unitychan.prefab
  artifactKey: Guid(90f813ee1ba6fa14a9c9011dfa9abae5) Importer(815301076,1909f56bfc062723c751e8b465ee728b)
Start importing Assets/Prefabs/unitychan.prefab using Guid(90f813ee1ba6fa14a9c9011dfa9abae5) Importer(815301076,1909f56bfc062723c751e8b465ee728b)  -> (artifact id: '147ef074ec22690861767cd99d509d75') in 0.306816 seconds
  Import took 0.312922 seconds .

========================================================================
Received Import Request.
  Time since last request: 1011.754919 seconds.
  path: Assets/Scenes/MainMenu.unity
  artifactKey: Guid(c3fac30a80795254c9298be35fac3594) Importer(815301076,1909f56bfc062723c751e8b465ee728b)
Start importing Assets/Scenes/MainMenu.unity using Guid(c3fac30a80795254c9298be35fac3594) Importer(815301076,1909f56bfc062723c751e8b465ee728b)  -> (artifact id: '1b93a3311c47d7e8ba3c6854321ecd05') in 0.011253 seconds
  Import took 0.013977 seconds .

========================================================================
Received Import Request.
  Time since last request: 28.640878 seconds.
  path: Assets/Scenes/Level001.unity
  artifactKey: Guid(77e024f93d6d51140904b6ce0d8480c2) Importer(815301076,1909f56bfc062723c751e8b465ee728b)
Start importing Assets/Scenes/Level001.unity using Guid(77e024f93d6d51140904b6ce0d8480c2) Importer(815301076,1909f56bfc062723c751e8b465ee728b)  -> (artifact id: '1f47ed9bcc6423d35ee9899ea2e1a466') in 0.009604 seconds
  Import took 0.012219 seconds .

========================================================================
Received Import Request.
  Time since last request: 0.000883 seconds.
  path: Assets/Scenes/Level001.unity
  artifactKey: Guid(77e024f93d6d51140904b6ce0d8480c2) Importer(815301076,1909f56bfc062723c751e8b465ee728b)
Start importing Assets/Scenes/Level001.unity using Guid(77e024f93d6d51140904b6ce0d8480c2) Importer(815301076,1909f56bfc062723c751e8b465ee728b)  -> (artifact id: '1f47ed9bcc6423d35ee9899ea2e1a466') in 0.003777 seconds
  Import took 0.006489 seconds .

========================================================================
Received Prepare
Registering precompiled user dll's ...
Registered in 0.001918 seconds.
Begin MonoManager ReloadAssembly
Native extension for WindowsStandalone target not found
Refreshing native plugins compatible for Editor in 0.36 ms, found 0 plugins.
Preloading 0 native plugins for Editor in 0.00 ms.
Invoked RoslynAnalysisRunner static constructor.
RoslynAnalysisRunner will not be running.
RoslynAnalysisRunner has terminated.
Mono: successfully reloaded assembly
- Completed reload, in  1.130 seconds
Platform modules already initialized, skipping
Refreshing native plugins compatible for Editor in 0.36 ms, found 0 plugins.
Preloading 0 native plugins for Editor in 0.00 ms.
Unloading 1137 Unused Serialized files (Serialized files now loaded: 0)
System memory in use before: 81.2 MB.
System memory in use after: 81.3 MB.

Unloading 5 unused Assets to reduce memory usage. Loaded Objects now: 1613.
Total: 3.709200 ms (FindLiveObjects: 0.444600 ms CreateObjectMapping: 0.061500 ms MarkObjects: 3.091500 ms  DeleteObjects: 0.108300 ms)

========================================================================
Received Prepare
Registering precompiled user dll's ...
Registered in 0.001175 seconds.
Begin MonoManager ReloadAssembly
Native extension for WindowsStandalone target not found
Refreshing native plugins compatible for Editor in 0.37 ms, found 0 plugins.
Preloading 0 native plugins for Editor in 0.00 ms.
Invoked RoslynAnalysisRunner static constructor.
RoslynAnalysisRunner will not be running.
RoslynAnalysisRunner has terminated.
Mono: successfully reloaded assembly
- Completed reload, in  0.979 seconds
Platform modules already initialized, skipping
Refreshing native plugins compatible for Editor in 0.36 ms, found 0 plugins.
Preloading 0 native plugins for Editor in 0.00 ms.
Unloading 1137 Unused Serialized files (Serialized files now loaded: 0)
System memory in use before: 81.2 MB.
System memory in use after: 81.3 MB.

Unloading 5 unused Assets to reduce memory usage. Loaded Objects now: 1616.
Total: 2.472700 ms (FindLiveObjects: 0.202300 ms CreateObjectMapping: 0.042000 ms MarkObjects: 2.135900 ms  DeleteObjects: 0.090600 ms)

========================================================================
Received Import Request.
  Time since last request: 1728.832584 seconds.
  path: Assets/Scenes/Level001.unity
  artifactKey: Guid(77e024f93d6d51140904b6ce0d8480c2) Importer(815301076,1909f56bfc062723c751e8b465ee728b)
Start importing Assets/Scenes/Level001.unity using Guid(77e024f93d6d51140904b6ce0d8480c2) Importer(815301076,1909f56bfc062723c751e8b465ee728b)  -> (artifact id: '9beb34d1f39d1fcd419104225be6a2e6') in 0.015995 seconds
  Import took 0.019419 seconds .

========================================================================
Received Import Request.
  Time since last request: 0.002011 seconds.
  path: Assets/Scenes/Level001.unity
  artifactKey: Guid(77e024f93d6d51140904b6ce0d8480c2) Importer(815301076,1909f56bfc062723c751e8b465ee728b)
Start importing Assets/Scenes/Level001.unity using Guid(77e024f93d6d51140904b6ce0d8480c2) Importer(815301076,1909f56bfc062723c751e8b465ee728b)  -> (artifact id: '9beb34d1f39d1fcd419104225be6a2e6') in 0.003584 seconds
  Import took 0.006375 seconds .

========================================================================
Received Prepare
Registering precompiled user dll's ...
Registered in 0.001183 seconds.
Begin MonoManager ReloadAssembly
Native extension for WindowsStandalone target not found
Refreshing native plugins compatible for Editor in 0.42 ms, found 0 plugins.
Preloading 0 native plugins for Editor in 0.00 ms.
Invoked RoslynAnalysisRunner static constructor.
RoslynAnalysisRunner will not be running.
RoslynAnalysisRunner has terminated.
Mono: successfully reloaded assembly
- Completed reload, in  0.941 seconds
Platform modules already initialized, skipping
Refreshing native plugins compatible for Editor in 0.43 ms, found 0 plugins.
Preloading 0 native plugins for Editor in 0.00 ms.
Unloading 1137 Unused Serialized files (Serialized files now loaded: 0)
System memory in use before: 81.3 MB.
System memory in use after: 81.3 MB.

Unloading 5 unused Assets to reduce memory usage. Loaded Objects now: 1619.
Total: 2.394700 ms (FindLiveObjects: 0.220300 ms CreateObjectMapping: 0.036000 ms MarkObjects: 2.044500 ms  DeleteObjects: 0.092500 ms)

========================================================================
Received Prepare
Registering precompiled user dll's ...
Registered in 0.001235 seconds.
Begin MonoManager ReloadAssembly
Native extension for WindowsStandalone target not found
Refreshing native plugins compatible for Editor in 0.54 ms, found 0 plugins.
Preloading 0 native plugins for Editor in 0.00 ms.
Invoked RoslynAnalysisRunner static constructor.
RoslynAnalysisRunner will not be running.
RoslynAnalysisRunner has terminated.
Mono: successfully reloaded assembly
- Completed reload, in  0.973 seconds
Platform modules already initialized, skipping
Refreshing native plugins compatible for Editor in 0.35 ms, found 0 plugins.
Preloading 0 native plugins for Editor in 0.00 ms.
Unloading 1137 Unused Serialized files (Serialized files now loaded: 0)
System memory in use before: 81.3 MB.
System memory in use after: 81.3 MB.

Unloading 5 unused Assets to reduce memory usage. Loaded Objects now: 1622.
Total: 3.635200 ms (FindLiveObjects: 0.239900 ms CreateObjectMapping: 0.053600 ms MarkObjects: 3.235600 ms  DeleteObjects: 0.103700 ms)

========================================================================
Received Import Request.
  Time since last request: 1364.757097 seconds.
  path: Assets/UI/S_pointer.png
  artifactKey: Guid(7f464d574581bf042882ee725e0bf154) Importer(815301076,1909f56bfc062723c751e8b465ee728b)
Start importing Assets/UI/S_pointer.png using Guid(7f464d574581bf042882ee725e0bf154) Importer(815301076,1909f56bfc062723c751e8b465ee728b)  -> (artifact id: 'ca8a09cb688534792aad10649d816071') in 0.117661 seconds
  Import took 0.120520 seconds .

========================================================================
Received Import Request.
  Time since last request: 6.105031 seconds.
  path: Assets/UI/S_pointer.png
  artifactKey: Guid(7f464d574581bf042882ee725e0bf154) Importer(815301076,1909f56bfc062723c751e8b465ee728b)
Start importing Assets/UI/S_pointer.png using Guid(7f464d574581bf042882ee725e0bf154) Importer(815301076,1909f56bfc062723c751e8b465ee728b)  -> (artifact id: '6528d892b4520f71b0c6f157de355b77') in 0.033955 seconds
  Import took 0.036372 seconds .

========================================================================
Received Import Request.
  Time since last request: 55.609248 seconds.
  path: Assets/UI/S_pointer.png
  artifactKey: Guid(7f464d574581bf042882ee725e0bf154) Importer(815301076,1909f56bfc062723c751e8b465ee728b)
Start importing Assets/UI/S_pointer.png using Guid(7f464d574581bf042882ee725e0bf154) Importer(815301076,1909f56bfc062723c751e8b465ee728b)  -> (artifact id: '95535c9e3eba81cc23d1e947655ad58a') in 0.017915 seconds
  Import took 0.020925 seconds .

========================================================================
Received Prepare
Registering precompiled user dll's ...
Registered in 0.000971 seconds.
Begin MonoManager ReloadAssembly
Native extension for WindowsStandalone target not found
Refreshing native plugins compatible for Editor in 0.44 ms, found 0 plugins.
Preloading 0 native plugins for Editor in 0.00 ms.
Invoked RoslynAnalysisRunner static constructor.
RoslynAnalysisRunner will not be running.
RoslynAnalysisRunner has terminated.
Mono: successfully reloaded assembly
- Completed reload, in  0.972 seconds
Platform modules already initialized, skipping
Refreshing native plugins compatible for Editor in 0.39 ms, found 0 plugins.
Preloading 0 native plugins for Editor in 0.00 ms.
Unloading 1137 Unused Serialized files (Serialized files now loaded: 0)
System memory in use before: 81.3 MB.
System memory in use after: 81.4 MB.

Unloading 5 unused Assets to reduce memory usage. Loaded Objects now: 1630.
Total: 2.445000 ms (FindLiveObjects: 0.209400 ms CreateObjectMapping: 0.041300 ms MarkObjects: 2.104100 ms  DeleteObjects: 0.089100 ms)

========================================================================
Received Prepare
Registering precompiled user dll's ...
Registered in 0.000997 seconds.
Begin MonoManager ReloadAssembly
Native extension for WindowsStandalone target not found
Refreshing native plugins compatible for Editor in 0.36 ms, found 0 plugins.
Preloading 0 native plugins for Editor in 0.00 ms.
Invoked RoslynAnalysisRunner static constructor.
RoslynAnalysisRunner will not be running.
RoslynAnalysisRunner has terminated.
Mono: successfully reloaded assembly
- Completed reload, in  0.965 seconds
Platform modules already initialized, skipping
Refreshing native plugins compatible for Editor in 0.37 ms, found 0 plugins.
Preloading 0 native plugins for Editor in 0.00 ms.
Unloading 1137 Unused Serialized files (Serialized files now loaded: 0)
System memory in use before: 81.3 MB.
System memory in use after: 81.4 MB.

Unloading 5 unused Assets to reduce memory usage. Loaded Objects now: 1633.
Total: 2.350100 ms (FindLiveObjects: 0.203300 ms CreateObjectMapping: 0.088100 ms MarkObjects: 1.968600 ms  DeleteObjects: 0.088300 ms)

========================================================================
Received Import Request.
  Time since last request: 351.580951 seconds.
  path: Assets/Scenes/MainMenu.unity
  artifactKey: Guid(c3fac30a80795254c9298be35fac3594) Importer(815301076,1909f56bfc062723c751e8b465ee728b)
Start importing Assets/Scenes/MainMenu.unity using Guid(c3fac30a80795254c9298be35fac3594) Importer(815301076,1909f56bfc062723c751e8b465ee728b)  -> (artifact id: '843731a8a39dc6c0e08a8c267ef4f1ff') in 0.025704 seconds
  Import took 0.028554 seconds .

========================================================================
Received Import Request.
  Time since last request: 230.856381 seconds.
  path: Assets/Scenes/Level001.unity
  artifactKey: Guid(77e024f93d6d51140904b6ce0d8480c2) Importer(815301076,1909f56bfc062723c751e8b465ee728b)
Start importing Assets/Scenes/Level001.unity using Guid(77e024f93d6d51140904b6ce0d8480c2) Importer(815301076,1909f56bfc062723c751e8b465ee728b)  -> (artifact id: 'a5a56e75f58aacf2738a250fbee75c2f') in 0.009194 seconds
  Import took 0.011885 seconds .

========================================================================
Received Import Request.
  Time since last request: 206.711749 seconds.
  path: Assets/Animations/UI/FadeIn.anim
  artifactKey: Guid(79b2d8b66317b764eb11e6ba5bfdf7cb) Importer(815301076,1909f56bfc062723c751e8b465ee728b)
Start importing Assets/Animations/UI/FadeIn.anim using Guid(79b2d8b66317b764eb11e6ba5bfdf7cb) Importer(815301076,1909f56bfc062723c751e8b465ee728b)  -> (artifact id: '704f5a1ae5701b0bfae5087b8c58dc49') in 0.013575 seconds
  Import took 0.016375 seconds .

========================================================================
Received Import Request.
  Time since last request: 0.002232 seconds.
  path: Assets/Animations/UI/FadeIn.anim
  artifactKey: Guid(79b2d8b66317b764eb11e6ba5bfdf7cb) Importer(815301076,1909f56bfc062723c751e8b465ee728b)
Start importing Assets/Animations/UI/FadeIn.anim using Guid(79b2d8b66317b764eb11e6ba5bfdf7cb) Importer(815301076,1909f56bfc062723c751e8b465ee728b)  -> (artifact id: '704f5a1ae5701b0bfae5087b8c58dc49') in 0.003394 seconds
  Import took 0.006344 seconds .

========================================================================
Received Import Request.
  Time since last request: 271.827757 seconds.
  path: Assets/Animations/UI/FadeOut.anim
  artifactKey: Guid(405358fac866e2943a9cfe506136c61f) Importer(815301076,1909f56bfc062723c751e8b465ee728b)
Start importing Assets/Animations/UI/FadeOut.anim using Guid(405358fac866e2943a9cfe506136c61f) Importer(815301076,1909f56bfc062723c751e8b465ee728b)  -> (artifact id: 'd94763dcb4587ab49e75844ae7cbbe91') in 0.010274 seconds
  Import took 0.013963 seconds .

========================================================================
Received Import Request.
  Time since last request: 0.011644 seconds.
  path: Assets/Animations/UI/FadeOut.anim
  artifactKey: Guid(405358fac866e2943a9cfe506136c61f) Importer(815301076,1909f56bfc062723c751e8b465ee728b)
Start importing Assets/Animations/UI/FadeOut.anim using Guid(405358fac866e2943a9cfe506136c61f) Importer(815301076,1909f56bfc062723c751e8b465ee728b)  -> (artifact id: 'd94763dcb4587ab49e75844ae7cbbe91') in 0.003934 seconds
  Import took 0.006427 seconds .

========================================================================
Received Prepare
Registering precompiled user dll's ...
Registered in 0.001271 seconds.
Begin MonoManager ReloadAssembly
Native extension for WindowsStandalone target not found
Refreshing native plugins compatible for Editor in 0.38 ms, found 0 plugins.
Preloading 0 native plugins for Editor in 0.00 ms.
Invoked RoslynAnalysisRunner static constructor.
RoslynAnalysisRunner will not be running.
RoslynAnalysisRunner has terminated.
Mono: successfully reloaded assembly
- Completed reload, in  0.985 seconds
Platform modules already initialized, skipping
Refreshing native plugins compatible for Editor in 0.36 ms, found 0 plugins.
Preloading 0 native plugins for Editor in 0.00 ms.
Unloading 1137 Unused Serialized files (Serialized files now loaded: 0)
System memory in use before: 81.3 MB.
System memory in use after: 81.4 MB.

Unloading 5 unused Assets to reduce memory usage. Loaded Objects now: 1636.
Total: 2.313500 ms (FindLiveObjects: 0.201700 ms CreateObjectMapping: 0.038200 ms MarkObjects: 1.978400 ms  DeleteObjects: 0.093400 ms)

========================================================================
Received Prepare
Registering precompiled user dll's ...
Registered in 0.001187 seconds.
Begin MonoManager ReloadAssembly
Native extension for WindowsStandalone target not found
Refreshing native plugins compatible for Editor in 0.51 ms, found 0 plugins.
Preloading 0 native plugins for Editor in 0.00 ms.
Invoked RoslynAnalysisRunner static constructor.
RoslynAnalysisRunner will not be running.
RoslynAnalysisRunner has terminated.
Mono: successfully reloaded assembly
- Completed reload, in  1.057 seconds
Platform modules already initialized, skipping
Refreshing native plugins compatible for Editor in 0.36 ms, found 0 plugins.
Preloading 0 native plugins for Editor in 0.00 ms.
Unloading 1137 Unused Serialized files (Serialized files now loaded: 0)
System memory in use before: 81.3 MB.
System memory in use after: 81.4 MB.

Unloading 5 unused Assets to reduce memory usage. Loaded Objects now: 1639.
Total: 3.740400 ms (FindLiveObjects: 0.311600 ms CreateObjectMapping: 0.068900 ms MarkObjects: 3.244500 ms  DeleteObjects: 0.113900 ms)

========================================================================
Received Prepare
Registering precompiled user dll's ...
Registered in 0.000967 seconds.
Begin MonoManager ReloadAssembly
Native extension for WindowsStandalone target not found
Refreshing native plugins compatible for Editor in 0.36 ms, found 0 plugins.
Preloading 0 native plugins for Editor in 0.00 ms.
Invoked RoslynAnalysisRunner static constructor.
RoslynAnalysisRunner will not be running.
RoslynAnalysisRunner has terminated.
Mono: successfully reloaded assembly
- Completed reload, in  0.949 seconds
Platform modules already initialized, skipping
Refreshing native plugins compatible for Editor in 0.37 ms, found 0 plugins.
Preloading 0 native plugins for Editor in 0.00 ms.
Unloading 1137 Unused Serialized files (Serialized files now loaded: 0)
System memory in use before: 81.3 MB.
System memory in use after: 81.4 MB.

Unloading 5 unused Assets to reduce memory usage. Loaded Objects now: 1642.
Total: 2.517700 ms (FindLiveObjects: 0.211300 ms CreateObjectMapping: 0.043200 ms MarkObjects: 2.168400 ms  DeleteObjects: 0.093200 ms)

AssetImportWorkerClient::OnTransportError - code=2 error=End of file
